app/build/intermediates/manifest_merge_blame_file/debug/manifest-merger-blame-debug-report.txt
1<?xml version="1.0" encoding="utf-8"?>
2<manifest xmlns:android="http://schemas.android.com/apk/res/android"
3    package="com.example.cookingapp"
4    android:versionCode="1"
5    android:versionName="1.0" >
6
7    <uses-sdk
8        android:minSdkVersion="29"
8-->src\main\AndroidManifest.xml
9        android:targetSdkVersion="32" />
9-->src\main\AndroidManifest.xml
10
11    <uses-permission android:name="android.permission.INTERNET" />
11-->src\main\AndroidManifest.xml:5:5-67
11-->src\main\AndroidManifest.xml:5:22-64
12
13    <!-- Although the *SdkVersion is captured in gradle build files, this is required for non gradle builds -->
14    <!-- <uses-sdk android:minSdkVersion="14"/> -->
15    <uses-permission android:name="android.permission.ACCESS_NETWORK_STATE" />
15-->[com.google.firebase:firebase-database:20.0.2] AndroidManifest.xml:25:5-79
15-->[com.google.firebase:firebase-database:20.0.2] AndroidManifest.xml:25:22-76
16
17    <application
17-->src\main\AndroidManifest.xml:6:5-45:19
18        android:allowBackup="true"
18-->src\main\AndroidManifest.xml:7:9-35
19        android:appComponentFactory="androidx.core.app.CoreComponentFactory"
19-->[androidx.core:core:1.5.0] AndroidManifest.xml:24:18-86
20        android:dataExtractionRules="@xml/data_extraction_rules"
20-->src\main\AndroidManifest.xml:8:9-65
21        android:debuggable="true"
22        android:extractNativeLibs="false"
23        android:fullBackupContent="@xml/backup_rules"
23-->src\main\AndroidManifest.xml:9:9-54
24        android:icon="@mipmap/ic_launcher"
24-->src\main\AndroidManifest.xml:10:9-43
25        android:label="@string/app_name"
25-->src\main\AndroidManifest.xml:11:9-41
26        android:roundIcon="@mipmap/ic_launcher_round"
26-->src\main\AndroidManifest.xml:12:9-54
27        android:supportsRtl="true"
27-->src\main\AndroidManifest.xml:13:9-35
28        android:testOnly="true"
29        android:theme="@style/Theme.CookingApp.NoActionBar" >
29-->src\main\AndroidManifest.xml:14:9-60
30        <activity
30-->src\main\AndroidManifest.xml:16:9-24:20
31            android:name="com.example.cookingapp.MainActivity"
31-->src\main\AndroidManifest.xml:17:13-41
32            android:exported="true" >
32-->src\main\AndroidManifest.xml:18:13-36
33            <intent-filter>
33-->src\main\AndroidManifest.xml:19:13-23:29
34                <action android:name="android.intent.action.MAIN" />
34-->src\main\AndroidManifest.xml:20:17-69
34-->src\main\AndroidManifest.xml:20:25-66
35
36                <category android:name="android.intent.category.LAUNCHER" />
36-->src\main\AndroidManifest.xml:22:17-77
36-->src\main\AndroidManifest.xml:22:27-74
37            </intent-filter>
38        </activity>
39        <activity
39-->src\main\AndroidManifest.xml:25:9-28:20
40            android:name="com.example.cookingapp.ui.chitietmonan.ChiTietActivity"
40-->src\main\AndroidManifest.xml:26:13-60
41            android:exported="true" >
41-->src\main\AndroidManifest.xml:27:13-36
42        </activity>
43        <activity
43-->src\main\AndroidManifest.xml:29:9-32:20
44            android:name="com.example.cookingapp.ui.themmonan.ThemMonActivity"
44-->src\main\AndroidManifest.xml:30:13-57
45            android:exported="true" >
45-->src\main\AndroidManifest.xml:31:13-36
46        </activity>
47        <activity
47-->src\main\AndroidManifest.xml:33:9-36:20
48            android:name="com.example.cookingapp.ui.timkiem.TimKiemActivity"
48-->src\main\AndroidManifest.xml:34:13-55
49            android:exported="true" >
49-->src\main\AndroidManifest.xml:35:13-36
50        </activity>
51        <activity
51-->src\main\AndroidManifest.xml:37:9-40:20
52            android:name="com.example.cookingapp.ui.listmonan.ListDSMNActivity"
52-->src\main\AndroidManifest.xml:38:13-58
53            android:exported="true" >
53-->src\main\AndroidManifest.xml:39:13-36
54        </activity>
55        <activity
55-->src\main\AndroidManifest.xml:41:9-44:20
56            android:name="com.example.cookingapp.ui.listmonan.ListMonAnActivity"
56-->src\main\AndroidManifest.xml:42:13-59
57            android:exported="true" >
57-->src\main\AndroidManifest.xml:43:13-36
58        </activity>
59
60        <provider
60-->[com.squareup.picasso:picasso:2.71828] AndroidManifest.xml:8:9-11:40
61            android:name="com.squareup.picasso.PicassoProvider"
61-->[com.squareup.picasso:picasso:2.71828] AndroidManifest.xml:9:13-64
62            android:authorities="com.example.cookingapp.com.squareup.picasso"
62-->[com.squareup.picasso:picasso:2.71828] AndroidManifest.xml:10:13-72
63            android:exported="false" />
63-->[com.squareup.picasso:picasso:2.71828] AndroidManifest.xml:11:13-37
64
65        <service
65-->[com.google.firebase:firebase-database:20.0.2] AndroidManifest.xml:29:9-35:19
66            android:name="com.google.firebase.components.ComponentDiscoveryService"
66-->[com.google.firebase:firebase-database:20.0.2] AndroidManifest.xml:30:13-84
67            android:directBootAware="true"
67-->[com.google.firebase:firebase-common:20.0.0] AndroidManifest.xml:35:13-43
68            android:exported="false" >
68-->[com.google.firebase:firebase-database:20.0.2] AndroidManifest.xml:31:13-37
69            <meta-data
69-->[com.google.firebase:firebase-database:20.0.2] AndroidManifest.xml:32:13-34:85
70                android:name="com.google.firebase.components:com.google.firebase.database.DatabaseRegistrar"
70-->[com.google.firebase:firebase-database:20.0.2] AndroidManifest.xml:33:17-109
71                android:value="com.google.firebase.components.ComponentRegistrar" />
71-->[com.google.firebase:firebase-database:20.0.2] AndroidManifest.xml:34:17-82
72        </service>
73
74        <provider
74-->[com.google.firebase:firebase-common:20.0.0] AndroidManifest.xml:26:9-31:39
75            android:name="com.google.firebase.provider.FirebaseInitProvider"
75-->[com.google.firebase:firebase-common:20.0.0] AndroidManifest.xml:27:13-77
76            android:authorities="com.example.cookingapp.firebaseinitprovider"
76-->[com.google.firebase:firebase-common:20.0.0] AndroidManifest.xml:28:13-72
77            android:directBootAware="true"
77-->[com.google.firebase:firebase-common:20.0.0] AndroidManifest.xml:29:13-43
78            android:exported="false"
78-->[com.google.firebase:firebase-common:20.0.0] AndroidManifest.xml:30:13-37
79            android:initOrder="100" />
79-->[com.google.firebase:firebase-common:20.0.0] AndroidManifest.xml:31:13-36
80
81        <activity
81-->[com.google.android.gms:play-services-base:17.1.0] AndroidManifest.xml:23:9-26:75
82            android:name="com.google.android.gms.common.api.GoogleApiActivity"
82-->[com.google.android.gms:play-services-base:17.1.0] AndroidManifest.xml:24:13-79
83            android:exported="false"
83-->[com.google.android.gms:play-services-base:17.1.0] AndroidManifest.xml:25:13-37
84            android:theme="@android:style/Theme.Translucent.NoTitleBar" />
84-->[com.google.android.gms:play-services-base:17.1.0] AndroidManifest.xml:26:13-72
85
86        <meta-data
86-->[com.google.android.gms:play-services-basement:17.0.0] AndroidManifest.xml:23:9-25:69
87            android:name="com.google.android.gms.version"
87-->[com.google.android.gms:play-services-basement:17.0.0] AndroidManifest.xml:24:13-58
88            android:value="@integer/google_play_services_version" />
88-->[com.google.android.gms:play-services-basement:17.0.0] AndroidManifest.xml:25:13-66
89    </application>
90
91</manifest>